2024-12-09 04:05:46 - Request received: Array
(
    [post_id] => 65
    [action] => like
)

2024-12-09 04:06:11 - Request received: Array
(
    [post_id] => 65
    [action] => like
)

2024-12-09 04:07:22 - Request received: Array
(
    [post_id] => 65
    [action] => like
)

2024-12-09 04:07:46 - Request received: Array
(
    [post_id] => 65
    [action] => like
)

2024-12-09 04:07:51 - Request received: Array
(
    [post_id] => 65
    [action] => like
)

2024-12-09 04:08:47 - Request received: Array
(
    [post_id] => 65
    [action] => like
)

2024-12-09 04:08:48 - Request received: Array
(
    [post_id] => 65
    [action] => like
)

2024-12-09 04:08:49 - Request received: Array
(
    [post_id] => 65
    [action] => like
)

2024-12-09 04:08:50 - Request received: Array
(
    [post_id] => 65
    [action] => like
)

2024-12-09 04:09:01 - Request received: Array
(
    [post_id] => 65
    [action] => like
)

2024-12-09 04:09:01 - Request received: Array
(
    [post_id] => 65
    [action] => like
)

2024-12-09 04:09:02 - Request received: Array
(
    [post_id] => 65
    [action] => like
)

2024-12-09 04:09:04 - Request received: Array
(
    [post_id] => 65
    [action] => bookmark
)

2024-12-09 04:09:09 - Request received: Array
(
    [post_id] => 65
    [action] => like
)

2024-12-09 04:09:10 - Request received: Array
(
    [post_id] => 65
    [action] => like
)

2024-12-09 04:09:11 - Request received: Array
(
    [post_id] => 65
    [action] => bookmark
)

2024-12-09 04:09:12 - Request received: Array
(
    [post_id] => 65
    [action] => bookmark
)

2024-12-09 04:09:13 - Request received: Array
(
    [post_id] => 65
    [action] => bookmark
)

2024-12-09 04:09:14 - Request received: Array
(
    [post_id] => 65
    [action] => like
)

2024-12-09 04:09:14 - Request received: Array
(
    [post_id] => 65
    [action] => like
)

2024-12-09 04:09:14 - Request received: Array
(
    [post_id] => 65
    [action] => bookmark
)

2024-12-09 04:09:15 - Request received: Array
(
    [post_id] => 65
    [action] => like
)

2024-12-09 04:09:15 - Request received: Array
(
    [post_id] => 65
    [action] => like
)

2024-12-09 04:09:16 - Request received: Array
(
    [post_id] => 65
    [action] => like
)

2024-12-09 04:09:17 - Request received: Array
(
    [post_id] => 65
    [action] => bookmark
)

2024-12-09 04:09:24 - Request received: Array
(
    [post_id] => 65
    [action] => like
)

2024-12-09 04:09:35 - Request received: Array
(
    [post_id] => 65
    [action] => like
)

2024-12-09 04:09:36 - Request received: Array
(
    [post_id] => 65
    [action] => like
)

2024-12-09 04:09:51 - Request received: Array
(
    [post_id] => 65
    [action] => like
)

2024-12-09 04:10:43 - Request received: Array
(
    [post_id] => 65
    [action] => like
)

2024-12-09 04:11:02 - Request received: Array
(
    [post_id] => 65
    [action] => like
)

2024-12-09 04:11:18 - Request received: Array
(
    [post_id] => 65
    [action] => like
)

2024-12-09 04:12:45 - Request received: Array
(
    [post_id] => 65
    [action] => like
)

2024-12-09 04:12:49 - Request received: Array
(
    [post_id] => 65
    [action] => like
)

2024-12-09 04:12:54 - Request received: Array
(
    [post_id] => 65
    [action] => bookmark
)

2024-12-09 04:12:54 - Request received: Array
(
    [post_id] => 65
    [action] => bookmark
)

2024-12-09 04:12:57 - Request received: Array
(
    [post_id] => 65
    [action] => like
)

2024-12-09 04:13:11 - Request received: Array
(
    [post_id] => 65
    [action] => like
)

2024-12-09 04:14:19 - Request received: Array
(
    [post_id] => 65
    [action] => like
)

2024-12-09 04:14:19 - Request received: Array
(
    [post_id] => 65
    [action] => like
)

2024-12-09 04:14:20 - Request received: Array
(
    [post_id] => 65
    [action] => like
)

2024-12-09 04:14:21 - Request received: Array
(
    [post_id] => 65
    [action] => like
)

2024-12-09 04:14:21 - Request received: Array
(
    [post_id] => 65
    [action] => like
)

2024-12-09 04:14:21 - Request received: Array
(
    [post_id] => 65
    [action] => like
)

2024-12-09 04:14:22 - Request received: Array
(
    [post_id] => 65
    [action] => like
)

2024-12-09 04:14:22 - Request received: Array
(
    [post_id] => 65
    [action] => like
)

2024-12-09 04:14:22 - Request received: Array
(
    [post_id] => 65
    [action] => like
)

2024-12-09 04:14:22 - Request received: Array
(
    [post_id] => 65
    [action] => like
)

2024-12-09 04:14:23 - Request received: Array
(
    [post_id] => 65
    [action] => like
)

2024-12-09 04:14:23 - Request received: Array
(
    [post_id] => 65
    [action] => like
)

2024-12-09 04:14:23 - Request received: Array
(
    [post_id] => 65
    [action] => like
)

2024-12-09 04:14:23 - Request received: Array
(
    [post_id] => 65
    [action] => like
)

2024-12-09 04:14:23 - Request received: Array
(
    [post_id] => 65
    [action] => like
)

2024-12-09 04:14:23 - Request received: Array
(
    [post_id] => 65
    [action] => like
)

2024-12-09 04:14:24 - Request received: Array
(
    [post_id] => 65
    [action] => like
)

2024-12-09 04:14:24 - Request received: Array
(
    [post_id] => 65
    [action] => like
)

2024-12-09 04:14:24 - Request received: Array
(
    [post_id] => 65
    [action] => like
)

2024-12-09 04:14:24 - Request received: Array
(
    [post_id] => 65
    [action] => like
)

2024-12-09 04:14:25 - Request received: Array
(
    [post_id] => 65
    [action] => like
)

2024-12-09 04:14:25 - Request received: Array
(
    [post_id] => 65
    [action] => like
)

2024-12-09 04:14:25 - Request received: Array
(
    [post_id] => 65
    [action] => like
)

2024-12-09 04:14:26 - Request received: Array
(
    [post_id] => 65
    [action] => like
)

2024-12-09 04:14:26 - Request received: Array
(
    [post_id] => 65
    [action] => like
)

2024-12-09 04:14:26 - Request received: Array
(
    [post_id] => 65
    [action] => like
)

2024-12-09 04:14:26 - Request received: Array
(
    [post_id] => 65
    [action] => like
)

2024-12-09 04:14:27 - Request received: Array
(
    [post_id] => 65
    [action] => like
)

2024-12-09 04:25:15 - Request received: Array
(
    [post_id] => 65
    [action] => like
)

2024-12-09 04:25:15 - Request received: Array
(
    [post_id] => 65
    [action] => like
)

